make.exe all --print-data-base --no-builtin-variables --no-builtin-rules --question
VAR="bin/Librarys/NavKey/i2cNavKey.o bin/Librarys/RA8876/RA8876.o bin/Librarys/MCP23017/MCP23017.o bin/Librarys/DS3231/DS3231.o bin/Librarys/ForceGauge/ForceGauge.o bin/Librarys/DYN4/DYN4.o bin/Librarys/Encoder/Encoder.o bin/Librarys/JSON/JSON.o bin/src/Elements/Clock.o bin/src/Main/MaD.o bin/src/Main/Motion.o bin/src/Main/main.o bin/Librarys/MotionPlanning/MotionPlanning.o "
VAR="-I include/Utility -I include/Elements -I include/Pages -I include/Main -I Librarys/NavKey -I Librarys/RA8876 -I Librarys/IOBoard -I Librarys/MCP23017 -I Librarys/SPI -I Librarys/DS3231 -I Librarys/ForceGauge -I Librarys/DYN4 -I Librarys/Encoder -I Librarys/JSON -I Librarys/Serial -I Librarys/MotionPlanning"
 
VAR="Librarys/NavKey/i2cNavKey.c Librarys/RA8876/RA8876.c  Librarys/MCP23017/MCP23017.c  Librarys/DS3231/DS3231.c Librarys/ForceGauge/ForceGauge.c Librarys/DYN4/DYN4.c Librarys/Encoder/Encoder.c Librarys/JSON/JSON.c  src/Elements/Clock.c src/Main/MaD.c src/Main/Motion.c src/Main/main.c Librarys/MotionPlanning/MotionPlanning.c"
 
# GNU Make 4.3
# Built for Windows32
# Copyright (C) 1988-2020 Free Software Foundation, Inc.
# License GPLv3+: GNU GPL version 3 or later <http://gnu.org/licenses/gpl.html>
# This is free software: you are free to change and redistribute it.
# There is NO WARRANTY, to the extent permitted by law.
 

# Make data base, printed on Fri Aug 06 18:22:30 2021

# Variables

# environment
SYSTEMDRIVE = C:
# environment
JAVA_HOME = C:\Program Files\Java\jdk-11.0.4
# environment
LC_ALL = C
# environment
USERPROFILE = C:\Users\Riley McCarthy
# environment
VBOX_MSI_INSTALL_PATH = C:\Program Files\Oracle\VirtualBox\
# environment
LOCALAPPDATA = C:\Users\Riley McCarthy\AppData\Local
# environment
VSCODE_IPC_HOOK_EXTHOST = \\.\pipe\vscode-ipc-ec94fd38-5e1c-4177-a34a-cb84e4b734a8-sock
# environment
VSCODE_CWD = C:\Users\Riley McCarthy\AppData\Local\Programs\Microsoft VS Code
# environment
CHOCOLATEYINSTALL = C:\ProgramData\chocolatey
# environment
SYSTEMROOT = C:\WINDOWS
# environment
PROCESSOR_LEVEL = 6
# environment
PSMODULEPATH = C:\Program Files\WindowsPowerShell\Modules;C:\WINDOWS\system32\WindowsPowerShell\v1.0\Modules;C:\Program Files (x86)\Microsoft SQL Server\120\Tools\PowerShell\Modules\
# default
MAKE_COMMAND := C:/ProgramData/chocolatey/lib/make/tools/install/bin/make.exe
# automatic
@D = $(patsubst %/,%,$(patsubst %\,%,$(dir $@)))
# environment
CHROME_CRASHPAD_PIPE_NAME = \\.\pipe\crashpad_14328_QZTAQINHFLQXGXLC
# environment
VSCODE_BROWSER_CODE_LOADING = bypassHeatCheck
# environment
VSCODE_HANDLES_UNCAUGHT_ERRORS = true
# default
.VARIABLES := 
# automatic
%D = $(patsubst %/,%,$(patsubst %\,%,$(dir $%)))
# environment
SW_SIM_HYDRA = C:\Program Files\Common Files\SolidWorks Shared\Simulation Worker Agent\
# automatic
^D = $(patsubst %/,%,$(patsubst %\,%,$(dir $^)))
# environment
VSCODE_LOG_STACK = false
# automatic
%F = $(notdir $%)
# environment
VSCODE_CODE_CACHE_PATH = C:\Users\Riley McCarthy\AppData\Roaming\Code\CachedData\379476f0e13988d90fab105c5c19e7abc8b1dea8
# environment
LANG = C
# default
.LOADED := 
# environment
TMP = C:\Users\Riley McCarthy\AppData\Local\Temp
# default
.INCLUDE_DIRS = .
# environment
PROCESSOR_ARCHITEW6432 = AMD64
# makefile
MAKEFLAGS = pqrR
# environment
ONEDRIVE = C:\Users\Riley McCarthy\OneDrive
# environment
INTELLIJ IDEA COMMUNITY EDITION = C:\Program Files\JetBrains\IntelliJ IDEA Community Edition 2019.2.4\bin;
# makefile (from 'makefile', line 7)
SOURCEDIR = Librarys/NavKey Librarys/RA8876 Librarys/IOBoard Librarys/MCP23017 Librarys/SPI Librarys/DS3231 Librarys/ForceGauge Librarys/DYN4 Librarys/Encoder Librarys/JSON Librarys/Serial src/Elements src/Main Librarys/MotionPlanning
# makefile
CURDIR := c:/Users/Riley McCarthy/Documents/Tensile-Testing-Machine/Firmware/MaD_Firmware
# environment
VSCODE_PIPE_LOGGING = true
# environment
APPLICATION_INSIGHTS_NO_DIAGNOSTIC_CHANNEL = true
# automatic
*D = $(patsubst %/,%,$(patsubst %\,%,$(dir $*)))
# environment
PROGRAMFILES = C:\Program Files (x86)
# environment
MFLAGS = -pqrR
# default
.SHELLFLAGS := -c
# environment
COMMONPROGRAMW6432 = C:\Program Files\Common Files
# automatic
+D = $(patsubst %/,%,$(patsubst %\,%,$(dir $+)))
# makefile (from 'makefile', line 1)
MAKEFILE_LIST := makefile
# automatic
@F = $(notdir $@)
# environment
VSCODE_VERBOSE_LOGGING = true
# environment
VSCODE_PID = 14328
# automatic
?D = $(patsubst %/,%,$(patsubst %\,%,$(dir $?)))
# automatic
*F = $(notdir $*)
# environment
SW_SIM_TEMP = C:\ProgramData\SOLIDWORKS\SW_net_sim_temp\
# automatic
<D = $(patsubst %/,%,$(patsubst %\,%,$(dir $<)))
# environment
VSCODE_NLS_CONFIG = {"locale":"en-us","availableLanguages":{},"_languagePackSupport":true}
# makefile (from 'makefile', line 6)
INCLUDE = include/Utility include/Elements include/Pages include/Main Librarys/NavKey Librarys/RA8876 Librarys/IOBoard Librarys/MCP23017 Librarys/SPI Librarys/DS3231 Librarys/ForceGauge Lib 
rarys/DYN4 Librarys/Encoder Librarys/JSON Librarys/Serial Librarys/MotionPlanning
# default
MAKE_HOST := Windows32
# environment
PROGRAMDATA = C:\ProgramData
# default
SHELL := sh.exe
# environment
HOMEPATH = \Users\Riley McCarthy
# environment
PLATFORMIO_CALLER = vscode
# default
MAKECMDGOALS := all
# environment
DRIVERDATA = C:\Windows\System32\Drivers\DriverData
# environment
COMSPEC = C:\WINDOWS\system32\cmd.exe
# environment
WINDIR = C:\WINDOWS
# environment
MAKELEVEL := 0
# default
MAKE = $(MAKE_COMMAND)
# environment
PATH = C:\Windows\system32;C:\Windows;C:\Windows\System32\Wbem;C:\Windows\System32\WindowsPowerShell\v1.0\;C:\Program Files (x86)\NVIDIA Corporation\PhysX\Common;C:\Program Files\NVIDIA Corporation\NVIDIA NvDLISR;C:\WINDOWS\system32;C:\WINDOWS;C:\WINDOWS\System32\Wbem;C:\WINDOWS\System32\WindowsPowerShell\v1.0\;C:\WINDOWS\System32\OpenSSH\;C:\Program Files\Git\cmd;C:\Program Files\Java\jdk-11.0.4\bin;C:\Users\Riley McCarthy\Documents\apache-ant-1.10.7\bin;C:\Program Files\Microsoft SQL Server\Client SDK\ODBC\110\Tools\Binn\;C:\Program Files (x86)\Microsoft SQL Server\120\Tools\Binn\;C:\Program Files\Microsoft SQL Server\120\Tools\Binn\;C:\Program Files\Microsoft SQL Server\120\DTS\Binn\;C:\Program Files (x86)\Windows Kits\8.1\Windows Performance Toolkit\;C:\Program Files\MATLAB\R2018a\runtime\win64;C:\Program Files\MATLAB\R2018a\bin;C:\Program Files (x86)\Intel\Intel(R) Management Engine Components\DAL;C:\Program Files\Intel\Intel(R) Management Engine Components\DAL;C:\Program Files\dotnet\;C:\Program Files\Microsoft SQL Server\130\Tools\Binn\;C:\Program Files\Microsoft SQL Server\Client SDK\ODBC\170\Tools\Binn\;C:\Program Files (x86)\SimpleIDE\propeller-gcc\bin;C:\Program Files\PuTTY\;C:\Program Files\nodejs\;C:\ProgramData\chocolatey\bin;C:\flexprop\bin;C:\Program Files\CMake\bin;C:\Users\Riley McCarthy\AppData\Local\Microsoft\WindowsApps;C:\Users\Riley McCarthy\AppData\Local\atom\bin;C:\Program Files\Java\jdk-12.0.2\bin\;C:\Android\platform-tools;;C:\Program Files\JetBrains\IntelliJ IDEA Community Edition 2019.2.4\bin;;C:\Users\Riley McCarthy\AppData\Local\Microsoft\WindowsApps;C:\Users\Riley McCarthy\AppData\Local\Programs\Microsoft VS Code\bin;C:\Users\Riley McCarthy\.dotnet\tools;C:\Users\Riley McCarthy\AppData\Roaming\npm
# environment
ZES_ENABLE_SYSMAN = 1
# environment
COMPUTERNAME = DESKTOP-JNUL46K
# default
MAKEFILES := 
# automatic
^F = $(notdir $^)
# environment
SW_SIM_MPIT = INTELMPI
# environment
PROMPT = $P$G
# environment
CHOCOLATEYLASTPATHUPDATE = 132718062901500001
# environment
LOGONSERVER = \\DESKTOP-JNUL46K
# environment
VSCODE_LOG_NATIVE = false
# environment
USERNAME = Riley McCarthy
# environment
COMMONPROGRAMFILES = C:\Program Files (x86)\Common Files
# automatic
?F = $(notdir $?)
# makefile (from 'makefile', line 14)
INC := -I include/Utility -I include/Elements -I include/Pages -I include/Main -I Librarys/NavKey -I Librarys/RA8876 -I Librarys/IOBoard -I Librarys/MCP23017 -I Librarys/SPI -I Librarys/DS3231 -I Librarys/ForceGauge -I Librarys/DYN4 -I Librarys/Encoder -I Librarys/JSON -I Librarys/Serial -I Librarys/MotionPlanning
# environment
PROGRAMW6432 = C:\Program Files
# environment
NO_PROXY = 127.0.0.1
# environment
PATHEXT = .COM;.EXE;.BAT;.CMD;.VBS;.VBE;.JS;.JSE;.WSF;.WSH;.MSC
# automatic
+F = $(notdir $+)
# environment
ORIGINAL_XDG_CURRENT_DESKTOP = undefined
# makefile (from 'makefile', line 13)
OBJECTS := bin/Librarys/NavKey/i2cNavKey.o bin/Librarys/RA8876/RA8876.o bin/Librarys/MCP23017/MCP23017.o bin/Librarys/DS3231/DS3231.o bin/Librarys/ForceGauge/ForceGauge.o bin/Librarys/DYN4/DYN4.o bin/Librarys/Encoder/Encoder.o bin/Librarys/JSON/JSON.o bin/src/Elements/Clock.o bin/src/Main/MaD.o bin/src/Main/Motion.o bin/src/Main/main.o bin/Librarys/MotionPlanning/MotionPlanning.o 
# environment
USERDOMAIN = DESKTOP-JNUL46K
# 'override' directive
GNUMAKEFLAGS := 
# environment
OS = Windows_NT
# environment
PLATFORMIO_PATH = C:\.platformio\penv\Scripts;C:\.platformio\penv;C:\.platformio\python3;C:\Windows\system32;C:\Windows;C:\Windows\System32\Wbem;C:\Windows\System32\WindowsPowerShell\v1.0\;C:\Program Files (x86)\NVIDIA Corporation\PhysX\Common;C:\Program Files\NVIDIA Corporation\NVIDIA NvDLISR;C:\WINDOWS\system32;C:\WINDOWS;C:\WINDOWS\System32\Wbem;C:\WINDOWS\System32\WindowsPowerShell\v1.0\;C:\WINDOWS\System32\OpenSSH\;C:\Program Files\Git\cmd;C:\Program Files\Java\jdk-11.0.4\bin;C:\Users\Riley McCarthy\Documents\apache-ant-1.10.7\bin;C:\Program Files\Microsoft SQL Server\Client SDK\ODBC\110\Tools\Binn\;C:\Program Files (x86)\Microsoft SQL Server\120\Tools\Binn\;C:\Program Files\Microsoft SQL Server\120\Tools\Binn\;C:\Program Files\Microsoft SQL Server\120\DTS\Binn\;C:\Program Files (x86)\Windows Kits\8.1\Windows Performance Toolkit\;C:\Program Files\MATLAB\R2018a\runtime\win64;C:\Program Files\MATLAB\R2018a\bin;C:\Program Files (x86)\Intel\Intel(R) Management Engine Components\DAL;C:\Program Files\Intel\Intel(R) Management Engine Components\DAL;C:\Program Files\dotnet\;C:\Program Files\Microsoft SQL Server\130\Tools\Binn\;C:\Program Files\Microsoft SQL Server\Client SDK\ODBC\170\Tools\Binn\;C:\Program Files (x86)\SimpleIDE\propeller-gcc\bin;C:\Program Files\PuTTY\;C:\Program Files\nodejs\;C:\ProgramData\chocolatey\bin;C:\flexprop\bin;C:\Program Files\CMake\bin;C:\Users\Riley McCarthy\AppData\Local\Microsoft\WindowsApps;C:\Users\Riley McCarthy\AppData\Local\atom\bin;C:\Program Files\Java\jdk-12.0.2\bin\;C:\Android\platform-tools;;C:\Program Files\JetBrains\IntelliJ IDEA Community Edition 2019.2.4\bin;;C:\Users\Riley McCarthy\AppData\Local\Microsoft\WindowsApps;C:\Users\Riley McCarthy\AppData\Local\Programs\Microsoft VS Code\bin;C:\Users\Riley McCarthy\.dotnet\tools;C:\Users\Riley McCarthy\AppData\Roaming\npm;C:\Windows\system32;C:\Windows;C:\Windows\System32\Wbem;C:\Windows\System32\WindowsPowerShell\v1.0\;C:\Program Files (x86)\NVIDIA Corporation\PhysX\Common;C:\Program Files\NVIDIA Corporation\NVIDIA NvDLISR;C:\WINDOWS\system32;C:\WINDOWS;C:\WINDOWS\System32\Wbem;C:\WINDOWS\System32\WindowsPowerShell\v1.0\;C:\WINDOWS\System32\OpenSSH\;C:\Program Files\Git\cmd;C:\Program Files\Java\jdk-11.0.4\bin;C:\Users\Riley McCarthy\Documents\apache-ant-1.10.7\bin;C:\Program Files\Microsoft SQL Server\Client SDK\ODBC\110\Tools\Binn\;C:\Program Files (x86)\Microsoft SQL Server\120\Tools\Binn\;C:\Program Files\Microsoft SQL Server\120\Tools\Binn\;C:\Program Files\Microsoft SQL Server\120\DTS\Binn\;C:\Program Files (x86)\Windows Kits\8.1\Windows Performance Toolkit\;C:\Program Files\MATLAB\R2018a\runtime\win64;C:\Program Files\MATLAB\R2018a\bin;C:\Program Files (x86)\Intel\Intel(R) Management Engine Components\DAL;C:\Program Files\Intel\Intel(R) Management Engine Components\DAL;C:\Program Files\dotnet\;C:\Program Files\Microsoft SQL Server\130\Tools\Binn\;C:\Program Files\Microsoft SQL Server\Client SDK\ODBC\170\Tools\Binn\;C:\Program Files (x86)\SimpleIDE\propeller-gcc\bin;C:\Program Files\PuTTY\;C:\Program Files\nodejs\;C:\ProgramData\chocolatey\bin;C:\flexprop\bin;C:\Program Files\CMake\bin;C:\Users\Riley McCarthy\AppData\Local\Microsoft\WindowsApps;C:\Users\Riley McCarthy\AppData\Local\atom\bin;C:\Program Files\Java\jdk-12.0.2\bin\;C:\Android\platform-tools;;C:\Program Files\JetBrains\IntelliJ IDEA Community Edition 2019.2.4\bin;;C:\Users\Riley McCarthy\AppData\Local\Microsoft\WindowsApps;C:\Users\Riley McCarthy\AppData\Local\Programs\Microsoft VS Code\bin;C:\Users\Riley McCarthy\.dotnet\tools;C:\Users\Riley McCarthy\AppData\Roaming\npm
# makefile
.DEFAULT_GOAL := all
# makefile (from 'makefile', line 9)
SOURCE = $(foreach dir,$(SOURCEDIR),$(wildcard $(dir)/*.c))
# default
MAKE_VERSION := 4.3
# env 
ironment
LCCDIR = C:\Program Files (x86)\Catalina_4.6
# environment
PROGRAMFILES(X86) = C:\Program Files (x86)
# environment
USERDOMAIN_ROAMINGPROFILE = DESKTOP-JNUL46K
# environment
NUMBER_OF_PROCESSORS = 12
# environment
PUBLIC = C:\Users\Public
# makefile (from 'makefile', line 10)
SOURCE_CPP = $(foreach dir,$(SOURCEDIR),$(wildcard $(dir)/*.cpp))
# makefile (from 'makefile', line 5)
BIN = bin
# environment
APPDATA = C:\Users\Riley McCarthy\AppData\Roaming
# makefile (from 'makefile', line 2)
CFLAGS = -2 -O2 -Wall 
# environment
HOMEDRIVE = C:
# environment
PROCESSOR_ARCHITECTURE = x86
# environment
VSCODE_AMD_ENTRYPOINT = vs/workbench/services/extensions/node/extensionHostProcess
# environment
PLATFORMIO_IDE = 2.3.2
# environment
COMMONPROGRAMFILES(X86) = C:\Program Files (x86)\Common Files
# makefile (from 'makefile', line 8)
BIN_DIR := bin/include/Utility bin/include/Elements bin/include/Pages bin/include/Main bin/Librarys/NavKey bin/Librarys/RA8876 bin/Librarys/IOBoard bin/Librarys/MCP23017 bin/Librarys/SPI bin/Librarys/DS3231 bin/Librarys/ForceGauge bin/Librarys/DYN4 bin/Librarys/Encoder bin/Librarys/JSON bin/Librarys/Serial bin/Librarys/MotionPlanning
# environment
ELECTRON_RUN_AS_NODE = 1
# environment
ANT_HOME = C:\Users\Riley McCarthy\Documents\apache-ant-1.10.7
# environment
TEMP = C:\Users\Riley McCarthy\AppData\Local\Temp
# environment
VSCODE_IPC_HOOK = \\.\pipe\f597bf02ffa9f127063c43fedbb30224-1.59.0-main-sock
# default
.RECIPEPREFIX := 
# automatic
<F = $(notdir $<)
# default
SUFFIXES := 
# environment
ALLUSERSPROFILE = C:\ProgramData
# makefile (from 'makefile', line 4)
TARGET = MAD.binary
# environment
SESSIONNAME = Console
# default
.FEATURES := target-specific order-only second-expansion else-if shortest-stem undefine oneshell nocomment grouped-target extra-prereqs archives jobserver output-sync load
# environment
PROCESSOR_REVISION = 9e0a
# makefile (from 'makefile', line 1)
CC = flexcc
# environment
PROCESSOR_IDENTIFIER = Intel64 Family 6 Model 158 Stepping 10, GenuineIntel
# variable set ha 
sh-table stats:
# Load=119/1024=12%, Rehash=0, Collisions=12/171=7%

# Pattern-specific Variable Values

# No pattern-specific variable values.

# Directories

# Librarys/RA8876 (key c:/Users/Riley McCarthy/Documents/Tensile-Testing-Machine/Firmware/MaD_Firmware/Librarys/RA8876, mtime 1627529763): 4 files, no impossibilities.
# Librarys/JSON (key c:/Users/Riley McCarthy/Documents/Tensile-Testing-Machine/Firmware/MaD_Firmware/Librarys/JSON, mtime 1627526996): 4 files, no impossibilities.
# Librarys/IOBoard: could not be stat'd.
# Librarys/DYN4 (key c:/Users/Riley McCarthy/Documents/Tensile-Testing-Machine/Firmware/MaD_Firmware/Librarys/DYN4, mtime 1627421097): 4 files, no impossibilities.
# src/Main (key c:/Users/Riley McCarthy/Documents/Tensile-Testing-Machine/Firmware/MaD_Firmware/src/Main, mtime 1628208969): 5 files, no impossibilities.
# Librarys/NavKey (key c:/Users/Riley McCarthy/Documents/Tensile-Testing-Machine/Firmware/MaD_Firmware/Librarys/NavKey, mtime 1627441591): 4 files, no impossibilities.
# . (key c:/Users/Riley McCarthy/Documents/Tensile-Testing-Machine/Firmware/MaD_Firmware, mtime 1627433401): 11 files, no impossibilities.
# Librarys/Serial: could not be stat'd.
# Librarys/DS3231 (key c:/Users/Riley McCarthy/Documents/Tensile-Testing-Machine/Firmware/MaD_Firmware/Librarys/DS3231, mtime 1627525707): 4 files, no impossibilities.
# src/Elements (key c:/Users/Riley McCarthy/Documents/Tensile-Testing-Machine/Firmware/MaD_Firmware/src/Elements, mtime 1628041204): 4 files, no impossibilities.
# Librarys/SPI: could not be stat'd.
# Librarys/MCP23017 (key c:/Users/Riley McCarthy/Documents/Tensile-Testing-Machine/Firmware/MaD_Firmware/Librarys/MCP23017, mtime 1627525449): 4 files, no impossibilities.
# Librarys/MotionPlanning (key c:/Users/Riley McCarthy/Documents/Tensile-Testing-Machine/Firmware/MaD_Firmware/Librarys/MotionPlanning, mtime 1628285667): 5 files, no impossibilities.
# Librarys/ForceGauge (key c:/Users/Riley McCarthy/Documents/Tensile-Testing-Machine/Firmware/MaD_Firmware/Librarys/ForceGauge, mtime 1627526387): 4 files, no impossibilities.
# Librarys/Encoder (key c:/Users/Riley McCarthy/Documents/Tensile-Testing-Machine/Firmware/MaD_Firmware/Librarys/Encoder, mtime 1627518259): 5 files, no impossibilities.

# 58 files, no impossibilities in 15 directories.

# Implicit Rules

bin/%.o: %.c
#  recipe to execute (from 'makefile', line 25):
	-mkdir $(subst /,\,$(@D))
	$(CC) $(CFLAGS) $(INC) -c -o $@ $<

bin/%.o: %.cpp
#  recipe to execute (from 'makefile', line 29):
	-mkdir $(subst /,\,$(@D))
	$(CC) $(CFLAGS) $(INC) -c -o $@ $<

# 2 implicit rules, 0 (0.0%) terminal.
# Files

# Not a target:
bin/Librarys/DYN4/DYN4.o:
#  Implicit rule search has not been done.
#  Modification time never checked.
#  File has not been updated.

# Not a target:
bin/Librarys/ForceGauge/ForceGauge.o:
#  Implicit rule search has not been done.
#  Modification time never checked.
#  File has not been updated.

# Not a target:
bin/src/Elements/Clock.o:
#  Implicit rule search has not been done.
#  Modification time never check 
ed.
#  File has not been updated.

# Not a target:
bin/src/Main/Motion.o:
#  Implicit rule search has not been done.
#  Modification time never checked.
#  File has not been updated.

# Not a target:
bin/Librarys/RA8876/RA8876.o:
#  Implicit rule search has not been done.
#  Modification time never checked.
#  File has not been updated.

clean:
#  Phony target (prerequisite of .PHONY).
#  Implicit rule search has not been done.
#  Implicit/static pattern stem: ''
#  File does not exist.
#  File has been updated.
#  Needs to be updated (-q is set).
# automatic
# @ := clean
# automatic
# * := 
# automatic
# < := 
# automatic
# + := 
# automatic
# % := 
# automatic
# ^ := 
# automatic
# ? := 
# automatic
# | := 
# variable set hash-table stats:
# Load=8/32=25%, Rehash=0, Collisions=1/13=8%
#  recipe to execute (from 'makefile', line 42):
	-mkdir $(BIN)
	del /s /q $(subst /,\,$(BIN))\*

# Not a target:
bin/Librarys/MotionPlanning/MotionPlanning.o:
#  Implicit rule search has not been done.
#  Modification time never checked.
#  File has not been updated.

# Not a target:
bin/Librarys/NavKey/i2cNavKey.o:
#  Implicit rule search has not been done.
#  Modification time never checked.
#  File has not been updated.

# Not a target:
bin/Librarys/JSON/JSON.o:
#  Implicit rule search has not been done.
#  Modification time never checked.
#  File has not been updated.

# Not a target:
bin/src/Main/main.o:
#  Implicit rule search has not been done.
#  Modification time never checked.
#  File has not been updated.

# Not a target:
bin/Librarys/MCP23017/MCP23017.o:
#  Implicit rule search has not been done.
#  Modification time never checked.
#  File has not been updated.

clear:
#  Phony target (prerequisite of .PHONY).
#  Implicit rule search has not been done.
#  File does not exist.
#  File has not been updated.
#  recipe to execute (from 'makefile', line 39):
	cls

# Not a target:
bin/src/Main/MaD.o:
#  Implicit rule search has not been done.
#  Modification time never checked.
#  File has not been updated.

# Not a target:
.DEFAULT:
#  Implicit rule search has not been done.
#  Modification time never checked.
#  File has not been updated.

all: clean clear bin/MAD.binary run
#  Command line target.
#  Implicit rule search has not been done.
#  File does not exist.
#  File has been updated.
#  Needs to be updated (-q is set).
# variable set hash-table stats:
# Load=0/32=0%, Rehash=0, Collisions=0/5=0%
#  recipe to execute (from 'makefile', line 20):
	

run:
#  Implicit rule search has not been done.
#  Modification time never checked.
#  File has not been updated.
#  recipe to execute (from 'makefile', line 33):
	loadp2 -p COM5 -b230400 -t -k -v bin\$(TARGET)

# Not a target:
makefile:
#  Implicit rule search has been done.
#  Last modified 2021-08-06 18:22:05
#  File has been updated.
#  Successfully updated.

# Not a target:
bin/Librarys/Encoder/Encoder.o:
#  Implicit rule search has not been done.
#  Modification time never checked.
#  File has not been updated.

bin/MAD.binary: bin/Librarys/NavKey/i2cNavKey.o bin/Librarys/ 
RA8876/RA8876.o bin/Librarys/MCP23017/MCP23017.o bin/Librarys/DS3231/DS3231.o bin/Librarys/ForceGauge/ForceGauge.o bin/Librarys/DYN4/DYN4.o bin/Librarys/Encoder/Encoder.o bin/Librarys/JSON/JSON.o bin/src/Elements/Clock.o bin/src/Main/MaD.o bin/src/Main/Motion.o bin/src/Main/main.o bin/Librarys/MotionPlanning/MotionPlanning.o
#  Implicit rule search has not been done.
#  Modification time never checked.
#  File has not been updated.
#  recipe to execute (from 'makefile', line 22):
	$(CC) $(CFLAGS) $(INC) $(OBJECTS) -o $@

# Not a target:
.SUFFIXES:
#  Implicit rule search has not been done.
#  Modification time never checked.
#  File has not been updated.

# Not a target:
bin/Librarys/DS3231/DS3231.o:
#  Implicit rule search has not been done.
#  Modification time never checked.
#  File has not been updated.

.PHONY: clean clear
#  Implicit rule search has not been done.
#  Modification time never checked.
#  File has not been updated.

# files hash-table stats:
# Load=22/1024=2%, Rehash=0, Collisions=0/58=0%
# VPATH Search Paths

# No 'vpath' search paths.

# No general ('VPATH' variable) search path.

# strcache buffers: 1 (0) / strings = 74 / storage = 1016 B / avg = 13 B
# current buf: size = 8174 B / used = 1016 B / count = 74 / avg = 13 B

# strcache performance: lookups = 117 / hit rate = 36%
# hash-table stats:
# Load=74/8192=1%, Rehash=0, Collisions=0/117=0%
# Finished Make data base on Fri Aug 06 18:22:30 2021

 
